{"E:\\GitLab\\libraske-api\\src\\config\\uploadConfig.ts": {"path":"E:\\GitLab\\libraske-api\\src\\config\\uploadConfig.ts","statementMap":{"0":{"start":{"line":1,"column":0},"end":{"line":1,"column":28}},"1":{"start":{"line":3,"column":0},"end":{"line":3,"column":28}},"2":{"start":{"line":4,"column":0},"end":{"line":4,"column":24}},"3":{"start":{"line":16,"column":13},"end":{"line":16,"column":68}},"4":{"start":{"line":18,"column":40},"end":{"line":18,"column":42}},"5":{"start":{"line":18,"column":49},"end":{"line":18,"column":64}},"6":{"start":{"line":19,"column":20},"end":{"line":19,"column":51}},"7":{"start":{"line":21,"column":2},"end":{"line":23,"column":null}},"8":{"start":{"line":22,"column":4},"end":{"line":22,"column":54}},"9":{"start":{"line":25,"column":2},"end":{"line":37,"column":4}},"10":{"start":{"line":31,"column":25},"end":{"line":31,"column":63}},"11":{"start":{"line":32,"column":28},"end":{"line":32,"column":59}},"12":{"start":{"line":34,"column":8},"end":{"line":34,"column":40}},"13":{"start":{"line":18,"column":0},"end":{"line":18,"column":24}}},"fnMap":{"0":{"name":"storage","decl":{"start":{"line":18,"column":24},"end":{"line":18,"column":31}},"loc":{"start":{"line":18,"column":64},"end":{"line":38,"column":1}}},"1":{"name":"(anonymous_2)","decl":{"start":{"line":30,"column":14},"end":{"line":30,"column":15}},"loc":{"start":{"line":30,"column":38},"end":{"line":35,"column":7}}}},"branchMap":{"0":{"loc":{"start":{"line":21,"column":2},"end":{"line":23,"column":null}},"type":"if","locations":[{"start":{"line":21,"column":2},"end":{"line":23,"column":null}},{"start":{"line":21,"column":2},"end":{"line":23,"column":null}}]},"1":{"loc":{"start":{"line":22,"column":18},"end":{"line":22,"column":38}},"type":"binary-expr","locations":[{"start":{"line":22,"column":18},"end":{"line":22,"column":38}},{"start":{"line":22,"column":42},"end":{"line":22,"column":53}}]},"2":{"loc":{"start":{"line":22,"column":25},"end":{"line":22,"column":27}},"type":"cond-expr","locations":[{"start":{"line":22,"column":25},"end":{"line":22,"column":27}},{"start":{"line":22,"column":18},"end":{"line":22,"column":38}}]},"3":{"loc":{"start":{"line":22,"column":18},"end":{"line":22,"column":27}},"type":"binary-expr","locations":[{"start":{"line":22,"column":18},"end":{"line":22,"column":27}},{"start":{"line":22,"column":18},"end":{"line":22,"column":27}}]}},"s":{"0":1,"1":1,"2":1,"3":1,"4":0,"5":0,"6":0,"7":0,"8":0,"9":0,"10":0,"11":0,"12":0,"13":1},"f":{"0":0,"1":0},"b":{"0":[0,0],"1":[0,0],"2":[0,0],"3":[0,0]}}
,"E:\\GitLab\\libraske-api\\src\\environment\\environment.ts": {"path":"E:\\GitLab\\libraske-api\\src\\environment\\environment.ts","statementMap":{"0":{"start":{"line":1,"column":0},"end":{"line":1,"column":51}},"1":{"start":{"line":2,"column":0},"end":{"line":2,"column":24}},"2":{"start":{"line":4,"column":32},"end":{"line":12,"column":1}},"3":{"start":{"line":6,"column":2},"end":{"line":9,"column":null}},"4":{"start":{"line":7,"column":23},"end":{"line":7,"column":72}},"5":{"start":{"line":8,"column":4},"end":{"line":8,"column":75}},"6":{"start":{"line":11,"column":2},"end":{"line":11,"column":42}},"7":{"start":{"line":4,"column":13},"end":{"line":4,"column":32}},"8":{"start":{"line":14,"column":0},"end":{"line":14,"column":64}}},"fnMap":{"0":{"name":"loadEnviromentsVariables","decl":{"start":{"line":4,"column":41},"end":{"line":4,"column":65}},"loc":{"start":{"line":4,"column":91},"end":{"line":12,"column":1}}}},"branchMap":{"0":{"loc":{"start":{"line":6,"column":2},"end":{"line":9,"column":null}},"type":"if","locations":[{"start":{"line":6,"column":2},"end":{"line":9,"column":null}},{"start":{"line":6,"column":2},"end":{"line":9,"column":null}}]},"1":{"loc":{"start":{"line":6,"column":6},"end":{"line":6,"column":33}},"type":"binary-expr","locations":[{"start":{"line":6,"column":6},"end":{"line":6,"column":33}},{"start":{"line":6,"column":37},"end":{"line":6,"column":65}}]}},"s":{"0":4,"1":4,"2":4,"3":6,"4":5,"5":5,"6":1,"7":4,"8":4},"f":{"0":6},"b":{"0":[5,1],"1":[6,6]}}
,"E:\\GitLab\\libraske-api\\src\\errors\\AppError.ts": {"path":"E:\\GitLab\\libraske-api\\src\\errors\\AppError.ts","statementMap":{"0":{"start":{"line":1,"column":0},"end":{"line":1,"column":null}},"1":{"start":{"line":6,"column":31},"end":{"line":6,"column":null}},"2":{"start":{"line":7,"column":4},"end":{"line":7,"column":27}},"3":{"start":{"line":8,"column":4},"end":{"line":8,"column":33}},"4":{"start":{"line":10,"column":0},"end":{"line":10,"column":null}},"5":{"start":{"line":12,"column":0},"end":{"line":12,"column":24}}},"fnMap":{"0":{"name":"(anonymous_0)","decl":{"start":{"line":1,"column":0},"end":{"line":1,"column":null}},"loc":{"start":{"line":1,"column":0},"end":{"line":10,"column":null}}},"1":{"name":"AppError","decl":{"start":{"line":6,"column":2},"end":{"line":6,"column":14}},"loc":{"start":{"line":6,"column":47},"end":{"line":9,"column":3}}}},"branchMap":{"0":{"loc":{"start":{"line":6,"column":31},"end":{"line":6,"column":null}},"type":"if","locations":[{"start":{"line":6,"column":31},"end":{"line":6,"column":null}},{"start":{"line":6,"column":31},"end":{"line":6,"column":null}}]}},"s":{"0":5,"1":5,"2":5,"3":5,"4":5,"5":5},"f":{"0":5,"1":5},"b":{"0":[0,5]}}
,"E:\\GitLab\\libraske-api\\src\\models\\Song.ts": {"path":"E:\\GitLab\\libraske-api\\src\\models\\Song.ts","statementMap":{"0":{"start":{"line":1,"column":0},"end":{"line":1,"column":null}},"1":{"start":{"line":11,"column":0},"end":{"line":11,"column":26}},"2":{"start":{"line":14,"column":0},"end":{"line":14,"column":6}},"3":{"start":{"line":16,"column":2},"end":{"line":16,"column":null}},"4":{"start":{"line":20,"column":2},"end":{"line":20,"column":null}},"5":{"start":{"line":24,"column":2},"end":{"line":24,"column":null}},"6":{"start":{"line":22,"column":19},"end":{"line":22,"column":24}},"7":{"start":{"line":28,"column":2},"end":{"line":28,"column":null}},"8":{"start":{"line":31,"column":2},"end":{"line":31,"column":null}},"9":{"start":{"line":34,"column":2},"end":{"line":34,"column":null}},"10":{"start":{"line":37,"column":2},"end":{"line":37,"column":null}},"11":{"start":{"line":40,"column":2},"end":{"line":40,"column":null}},"12":{"start":{"line":43,"column":2},"end":{"line":43,"column":null}},"13":{"start":{"line":46,"column":2},"end":{"line":46,"column":null}},"14":{"start":{"line":14,"column":6},"end":{"line":47,"column":null}},"15":{"start":{"line":47,"column":0},"end":{"line":47,"column":null}},"16":{"start":{"line":49,"column":0},"end":{"line":49,"column":21}}},"fnMap":{"0":{"name":"(anonymous_3)","decl":{"start":{"line":14,"column":0},"end":{"line":14,"column":6}},"loc":{"start":{"line":14,"column":0},"end":{"line":14,"column":6}}},"1":{"name":"(anonymous_5)","decl":{"start":{"line":22,"column":13},"end":{"line":22,"column":19}},"loc":{"start":{"line":22,"column":13},"end":{"line":22,"column":23}}}},"branchMap":{},"s":{"0":1,"1":1,"2":1,"3":1,"4":1,"5":1,"6":1,"7":1,"8":1,"9":1,"10":1,"11":1,"12":1,"13":1,"14":1,"15":1,"16":1},"f":{"0":14,"1":1},"b":{}}
,"E:\\GitLab\\libraske-api\\src\\models\\User.ts": {"path":"E:\\GitLab\\libraske-api\\src\\models\\User.ts","statementMap":{"0":{"start":{"line":1,"column":0},"end":{"line":1,"column":null}},"1":{"start":{"line":10,"column":0},"end":{"line":10,"column":6}},"2":{"start":{"line":12,"column":2},"end":{"line":12,"column":null}},"3":{"start":{"line":15,"column":2},"end":{"line":15,"column":null}},"4":{"start":{"line":18,"column":2},"end":{"line":18,"column":null}},"5":{"start":{"line":21,"column":2},"end":{"line":21,"column":null}},"6":{"start":{"line":24,"column":2},"end":{"line":24,"column":null}},"7":{"start":{"line":27,"column":2},"end":{"line":27,"column":null}},"8":{"start":{"line":30,"column":2},"end":{"line":30,"column":null}},"9":{"start":{"line":33,"column":2},"end":{"line":33,"column":null}},"10":{"start":{"line":10,"column":6},"end":{"line":34,"column":null}},"11":{"start":{"line":34,"column":0},"end":{"line":34,"column":null}},"12":{"start":{"line":36,"column":0},"end":{"line":36,"column":20}}},"fnMap":{"0":{"name":"(anonymous_2)","decl":{"start":{"line":10,"column":0},"end":{"line":10,"column":6}},"loc":{"start":{"line":10,"column":0},"end":{"line":10,"column":6}}}},"branchMap":{},"s":{"0":3,"1":3,"2":3,"3":3,"4":3,"5":3,"6":3,"7":3,"8":3,"9":3,"10":3,"11":3,"12":3},"f":{"0":13},"b":{}}
,"E:\\GitLab\\libraske-api\\src\\services\\AuthorizationService.ts": {"path":"E:\\GitLab\\libraske-api\\src\\services\\AuthorizationService.ts","statementMap":{"0":{"start":{"line":2,"column":0},"end":{"line":2,"column":42}},"1":{"start":{"line":18,"column":0},"end":{"line":18,"column":null}},"2":{"start":{"line":23,"column":8},"end":{"line":23,"column":51}},"3":{"start":{"line":26,"column":10},"end":{"line":39,"column":null}},"4":{"start":{"line":26,"column":24},"end":{"line":26,"column":26}},"5":{"start":{"line":26,"column":37},"end":{"line":26,"column":49}},"6":{"start":{"line":28,"column":55},"end":{"line":28,"column":null}},"7":{"start":{"line":28,"column":18},"end":{"line":28,"column":55}},"8":{"start":{"line":30,"column":12},"end":{"line":35,"column":null}},"9":{"start":{"line":37,"column":12},"end":{"line":37,"column":106}},"10":{"start":{"line":40,"column":0},"end":{"line":40,"column":null}},"11":{"start":{"line":42,"column":0},"end":{"line":42,"column":36}}},"fnMap":{"0":{"name":"(anonymous_14)","decl":{"start":{"line":18,"column":0},"end":{"line":18,"column":null}},"loc":{"start":{"line":18,"column":0},"end":{"line":40,"column":null}}},"1":{"name":"AuthorizationService","decl":{"start":{"line":22,"column":4},"end":{"line":22,"column":16}},"loc":{"start":{"line":22,"column":52},"end":{"line":24,"column":5}}},"2":{"name":"(anonymous_16)","decl":{"start":{"line":26,"column":4},"end":{"line":26,"column":10}},"loc":{"start":{"line":26,"column":49},"end":{"line":39,"column":null}}}},"branchMap":{},"s":{"0":1,"1":1,"2":2,"3":1,"4":2,"5":2,"6":2,"7":2,"8":1,"9":1,"10":1,"11":1},"f":{"0":1,"1":2,"2":2},"b":{}}
,"E:\\GitLab\\libraske-api\\src\\services\\ConsultSongService.ts": {"path":"E:\\GitLab\\libraske-api\\src\\services\\ConsultSongService.ts","statementMap":{"0":{"start":{"line":1,"column":0},"end":{"line":1,"column":34}},"1":{"start":{"line":2,"column":0},"end":{"line":2,"column":40}},"2":{"start":{"line":4,"column":0},"end":{"line":4,"column":42}},"3":{"start":{"line":9,"column":0},"end":{"line":9,"column":null}},"4":{"start":{"line":10,"column":15},"end":{"line":20,"column":null}},"5":{"start":{"line":10,"column":27},"end":{"line":10,"column":39}},"6":{"start":{"line":11,"column":10},"end":{"line":11,"column":47}},"7":{"start":{"line":13,"column":17},"end":{"line":13,"column":null}},"8":{"start":{"line":13,"column":10},"end":{"line":13,"column":null}},"9":{"start":{"line":15,"column":4},"end":{"line":17,"column":null}},"10":{"start":{"line":16,"column":6},"end":{"line":16,"column":55}},"11":{"start":{"line":19,"column":4},"end":{"line":19,"column":16}},"12":{"start":{"line":21,"column":0},"end":{"line":21,"column":null}},"13":{"start":{"line":23,"column":0},"end":{"line":23,"column":40}}},"fnMap":{"0":{"name":"(anonymous_14)","decl":{"start":{"line":9,"column":0},"end":{"line":9,"column":null}},"loc":{"start":{"line":9,"column":0},"end":{"line":21,"column":null}}},"1":{"name":"(anonymous_16)","decl":{"start":{"line":10,"column":2},"end":{"line":10,"column":15}},"loc":{"start":{"line":10,"column":39},"end":{"line":20,"column":null}}}},"branchMap":{"0":{"loc":{"start":{"line":15,"column":4},"end":{"line":17,"column":null}},"type":"if","locations":[{"start":{"line":15,"column":4},"end":{"line":17,"column":null}},{"start":{"line":15,"column":4},"end":{"line":17,"column":null}}]}},"s":{"0":1,"1":1,"2":1,"3":1,"4":1,"5":2,"6":2,"7":2,"8":2,"9":2,"10":1,"11":1,"12":1,"13":1},"f":{"0":2,"1":2},"b":{"0":[1,1]}}
,"E:\\GitLab\\libraske-api\\src\\services\\ConsultUserService.ts": {"path":"E:\\GitLab\\libraske-api\\src\\services\\ConsultUserService.ts","statementMap":{"0":{"start":{"line":1,"column":0},"end":{"line":1,"column":34}},"1":{"start":{"line":2,"column":0},"end":{"line":2,"column":40}},"2":{"start":{"line":11,"column":0},"end":{"line":11,"column":null}},"3":{"start":{"line":12,"column":17},"end":{"line":21,"column":null}},"4":{"start":{"line":12,"column":29},"end":{"line":12,"column":31}},"5":{"start":{"line":12,"column":34},"end":{"line":12,"column":46}},"6":{"start":{"line":14,"column":14},"end":{"line":14,"column":51}},"7":{"start":{"line":16,"column":12},"end":{"line":16,"column":15}},"8":{"start":{"line":17,"column":19},"end":{"line":17,"column":57}},"9":{"start":{"line":17,"column":12},"end":{"line":17,"column":57}},"10":{"start":{"line":19,"column":19},"end":{"line":19,"column":56}},"11":{"start":{"line":19,"column":12},"end":{"line":19,"column":56}},"12":{"start":{"line":22,"column":0},"end":{"line":22,"column":null}},"13":{"start":{"line":24,"column":0},"end":{"line":24,"column":40}}},"fnMap":{"0":{"name":"(anonymous_14)","decl":{"start":{"line":11,"column":0},"end":{"line":11,"column":null}},"loc":{"start":{"line":11,"column":0},"end":{"line":22,"column":null}}},"1":{"name":"(anonymous_16)","decl":{"start":{"line":12,"column":4},"end":{"line":12,"column":17}},"loc":{"start":{"line":12,"column":46},"end":{"line":21,"column":null}}}},"branchMap":{"0":{"loc":{"start":{"line":17,"column":12},"end":{"line":17,"column":57}},"type":"switch","locations":[{"start":{"line":17,"column":12},"end":{"line":17,"column":57}},{"start":{"line":19,"column":19},"end":{"line":19,"column":56}},{"start":{"line":19,"column":12},"end":{"line":19,"column":56}}]},"1":{"loc":{"start":{"line":16,"column":12},"end":{"line":16,"column":15}},"type":"if","locations":[{"start":{"line":16,"column":12},"end":{"line":16,"column":15}},{"start":{"line":16,"column":12},"end":{"line":16,"column":15}}]}},"s":{"0":1,"1":1,"2":1,"3":1,"4":5,"5":5,"6":5,"7":7,"8":3,"9":3,"10":2,"11":2,"12":1,"13":1},"f":{"0":2,"1":5},"b":{"0":[3,2,2],"1":[2,3]}}
,"E:\\GitLab\\libraske-api\\src\\services\\CreateSongService.ts": {"path":"E:\\GitLab\\libraske-api\\src\\services\\CreateSongService.ts","statementMap":{"0":{"start":{"line":1,"column":0},"end":{"line":1,"column":34}},"1":{"start":{"line":2,"column":0},"end":{"line":2,"column":40}},"2":{"start":{"line":12,"column":0},"end":{"line":12,"column":null}},"3":{"start":{"line":13,"column":8},"end":{"line":38,"column":null}},"4":{"start":{"line":14,"column":10},"end":{"line":14,"column":null}},"5":{"start":{"line":15,"column":10},"end":{"line":15,"column":null}},"6":{"start":{"line":16,"column":8},"end":{"line":16,"column":null}},"7":{"start":{"line":17,"column":15},"end":{"line":17,"column":null}},"8":{"start":{"line":18,"column":11},"end":{"line":18,"column":null}},"9":{"start":{"line":19,"column":13},"end":{"line":19,"column":null}},"10":{"start":{"line":20,"column":12},"end":{"line":20,"column":null}},"11":{"start":{"line":23,"column":10},"end":{"line":23,"column":47}},"12":{"start":{"line":25,"column":10},"end":{"line":33,"column":7}},"13":{"start":{"line":35,"column":4},"end":{"line":35,"column":36}},"14":{"start":{"line":37,"column":4},"end":{"line":37,"column":null}},"15":{"start":{"line":39,"column":0},"end":{"line":39,"column":null}},"16":{"start":{"line":41,"column":0},"end":{"line":41,"column":32}}},"fnMap":{"0":{"name":"(anonymous_14)","decl":{"start":{"line":12,"column":0},"end":{"line":12,"column":null}},"loc":{"start":{"line":12,"column":0},"end":{"line":39,"column":null}}},"1":{"name":"(anonymous_16)","decl":{"start":{"line":13,"column":2},"end":{"line":13,"column":8}},"loc":{"start":{"line":21,"column":13},"end":{"line":38,"column":null}}}},"branchMap":{},"s":{"0":1,"1":1,"2":1,"3":1,"4":6,"5":6,"6":6,"7":6,"8":6,"9":6,"10":6,"11":6,"12":6,"13":12,"14":6,"15":1,"16":1},"f":{"0":2,"1":6},"b":{}}
,"E:\\GitLab\\libraske-api\\src\\services\\CreateUserService.ts": {"path":"E:\\GitLab\\libraske-api\\src\\services\\CreateUserService.ts","statementMap":{"0":{"start":{"line":1,"column":0},"end":{"line":1,"column":40}},"1":{"start":{"line":2,"column":0},"end":{"line":2,"column":34}},"2":{"start":{"line":12,"column":0},"end":{"line":12,"column":null}},"3":{"start":{"line":13,"column":15},"end":{"line":25,"column":null}},"4":{"start":{"line":13,"column":29},"end":{"line":13,"column":31}},"5":{"start":{"line":13,"column":36},"end":{"line":13,"column":38}},"6":{"start":{"line":13,"column":41},"end":{"line":13,"column":43}},"7":{"start":{"line":13,"column":55},"end":{"line":13,"column":57}},"8":{"start":{"line":13,"column":69},"end":{"line":13,"column":81}},"9":{"start":{"line":15,"column":10},"end":{"line":15,"column":47}},"10":{"start":{"line":17,"column":4},"end":{"line":23,"column":null}},"11":{"start":{"line":26,"column":0},"end":{"line":26,"column":null}},"12":{"start":{"line":28,"column":0},"end":{"line":28,"column":39}}},"fnMap":{"0":{"name":"(anonymous_14)","decl":{"start":{"line":12,"column":0},"end":{"line":12,"column":null}},"loc":{"start":{"line":12,"column":0},"end":{"line":26,"column":null}}},"1":{"name":"(anonymous_16)","decl":{"start":{"line":13,"column":2},"end":{"line":13,"column":15}},"loc":{"start":{"line":13,"column":81},"end":{"line":25,"column":null}}}},"branchMap":{},"s":{"0":2,"1":2,"2":2,"3":2,"4":9,"5":9,"6":9,"7":9,"8":9,"9":9,"10":9,"11":2,"12":2},"f":{"0":4,"1":9},"b":{}}
,"E:\\GitLab\\libraske-api\\src\\services\\DeleteSongService.ts": {"path":"E:\\GitLab\\libraske-api\\src\\services\\DeleteSongService.ts","statementMap":{"0":{"start":{"line":1,"column":0},"end":{"line":1,"column":51}},"1":{"start":{"line":2,"column":0},"end":{"line":2,"column":34}},"2":{"start":{"line":3,"column":0},"end":{"line":3,"column":20}},"3":{"start":{"line":4,"column":0},"end":{"line":4,"column":24}},"4":{"start":{"line":5,"column":0},"end":{"line":5,"column":40}},"5":{"start":{"line":7,"column":0},"end":{"line":7,"column":42}},"6":{"start":{"line":12,"column":0},"end":{"line":12,"column":null}},"7":{"start":{"line":13,"column":15},"end":{"line":31,"column":null}},"8":{"start":{"line":13,"column":27},"end":{"line":13,"column":39}},"9":{"start":{"line":14,"column":10},"end":{"line":14,"column":47}},"10":{"start":{"line":16,"column":17},"end":{"line":16,"column":null}},"11":{"start":{"line":16,"column":10},"end":{"line":16,"column":null}},"12":{"start":{"line":18,"column":4},"end":{"line":20,"column":null}},"13":{"start":{"line":19,"column":6},"end":{"line":19,"column":55}},"14":{"start":{"line":22,"column":4},"end":{"line":22,"column":41}},"15":{"start":{"line":24,"column":10},"end":{"line":24,"column":52}},"16":{"start":{"line":26,"column":4},"end":{"line":28,"column":null}},"17":{"start":{"line":27,"column":6},"end":{"line":27,"column":45}},"18":{"start":{"line":30,"column":4},"end":{"line":30,"column":16}},"19":{"start":{"line":32,"column":0},"end":{"line":32,"column":null}},"20":{"start":{"line":34,"column":0},"end":{"line":34,"column":39}}},"fnMap":{"0":{"name":"(anonymous_14)","decl":{"start":{"line":12,"column":0},"end":{"line":12,"column":null}},"loc":{"start":{"line":12,"column":0},"end":{"line":32,"column":null}}},"1":{"name":"(anonymous_16)","decl":{"start":{"line":13,"column":2},"end":{"line":13,"column":15}},"loc":{"start":{"line":13,"column":39},"end":{"line":31,"column":null}}}},"branchMap":{"0":{"loc":{"start":{"line":18,"column":4},"end":{"line":20,"column":null}},"type":"if","locations":[{"start":{"line":18,"column":4},"end":{"line":20,"column":null}},{"start":{"line":18,"column":4},"end":{"line":20,"column":null}}]},"1":{"loc":{"start":{"line":26,"column":4},"end":{"line":28,"column":null}},"type":"if","locations":[{"start":{"line":26,"column":4},"end":{"line":28,"column":null}},{"start":{"line":26,"column":4},"end":{"line":28,"column":null}}]}},"s":{"0":1,"1":1,"2":1,"3":1,"4":1,"5":1,"6":1,"7":1,"8":3,"9":3,"10":3,"11":3,"12":3,"13":1,"14":4,"15":2,"16":2,"17":1,"18":2,"19":1,"20":1},"f":{"0":2,"1":3},"b":{"0":[1,2],"1":[1,1]}}
,"E:\\GitLab\\libraske-api\\src\\services\\ListSongsService.ts": {"path":"E:\\GitLab\\libraske-api\\src\\services\\ListSongsService.ts","statementMap":{"0":{"start":{"line":1,"column":0},"end":{"line":1,"column":34}},"1":{"start":{"line":2,"column":0},"end":{"line":2,"column":40}},"2":{"start":{"line":4,"column":12},"end":{"line":4,"column":69}},"3":{"start":{"line":6,"column":0},"end":{"line":6,"column":null}},"4":{"start":{"line":7,"column":15},"end":{"line":21,"column":null}},"5":{"start":{"line":8,"column":10},"end":{"line":8,"column":48}},"6":{"start":{"line":10,"column":18},"end":{"line":12,"column":null}},"7":{"start":{"line":10,"column":10},"end":{"line":12,"column":null}},"8":{"start":{"line":14,"column":10},"end":{"line":18,"column":8}},"9":{"start":{"line":14,"column":43},"end":{"line":18,"column":7}},"10":{"start":{"line":20,"column":4},"end":{"line":20,"column":24}},"11":{"start":{"line":22,"column":0},"end":{"line":22,"column":null}},"12":{"start":{"line":24,"column":0},"end":{"line":24,"column":37}}},"fnMap":{"0":{"name":"(anonymous_16)","decl":{"start":{"line":6,"column":0},"end":{"line":6,"column":null}},"loc":{"start":{"line":6,"column":0},"end":{"line":22,"column":null}}},"1":{"name":"(anonymous_18)","decl":{"start":{"line":7,"column":2},"end":{"line":7,"column":15}},"loc":{"start":{"line":7,"column":2},"end":{"line":21,"column":null}}},"2":{"name":"(anonymous_21)","decl":{"start":{"line":14,"column":35},"end":{"line":14,"column":39}},"loc":{"start":{"line":14,"column":39},"end":{"line":14,"column":null}}}},"branchMap":{"0":{"loc":{"start":{"line":4,"column":12},"end":{"line":4,"column":36}},"type":"binary-expr","locations":[{"start":{"line":4,"column":12},"end":{"line":4,"column":36}},{"start":{"line":4,"column":40},"end":{"line":4,"column":69}}]}},"s":{"0":1,"1":1,"2":1,"3":1,"4":1,"5":3,"6":3,"7":3,"8":3,"9":3,"10":3,"11":1,"12":1},"f":{"0":2,"1":3,"2":3},"b":{"0":[1,1]}}
,"E:\\GitLab\\libraske-api\\src\\services\\LoginUnico.ts": {"path":"E:\\GitLab\\libraske-api\\src\\services\\LoginUnico.ts","statementMap":{"0":{"start":{"line":5,"column":0},"end":{"line":5,"column":26}},"1":{"start":{"line":6,"column":0},"end":{"line":6,"column":31}},"2":{"start":{"line":7,"column":0},"end":{"line":7,"column":34}},"3":{"start":{"line":8,"column":0},"end":{"line":8,"column":20}},"4":{"start":{"line":9,"column":0},"end":{"line":9,"column":42}},"5":{"start":{"line":10,"column":0},"end":{"line":10,"column":44}},"6":{"start":{"line":25,"column":13},"end":{"line":32,"column":3}},"7":{"start":{"line":34,"column":0},"end":{"line":34,"column":null}},"8":{"start":{"line":38,"column":21},"end":{"line":38,"column":40}},"9":{"start":{"line":39,"column":2},"end":{"line":39,"column":19}},"10":{"start":{"line":42,"column":7},"end":{"line":91,"column":null}},"11":{"start":{"line":42,"column":20},"end":{"line":42,"column":22}},"12":{"start":{"line":42,"column":33},"end":{"line":42,"column":51}},"13":{"start":{"line":43,"column":8},"end":{"line":47,"column":4}},"14":{"start":{"line":51,"column":7},"end":{"line":51,"column":null}},"15":{"start":{"line":50,"column":12},"end":{"line":50,"column":null}},"16":{"start":{"line":52,"column":10},"end":{"line":52,"column":17}},"17":{"start":{"line":53,"column":20},"end":{"line":57,"column":null}},"18":{"start":{"line":53,"column":9},"end":{"line":57,"column":null}},"19":{"start":{"line":59,"column":22},"end":{"line":59,"column":null}},"20":{"start":{"line":61,"column":9},"end":{"line":61,"column":58}},"21":{"start":{"line":63,"column":9},"end":{"line":67,"column":null}},"22":{"start":{"line":70,"column":3},"end":{"line":75,"column":null}},"23":{"start":{"line":78,"column":11},"end":{"line":78,"column":24}},"24":{"start":{"line":79,"column":3},"end":{"line":89,"column":null}},"25":{"start":{"line":80,"column":10},"end":{"line":80,"column":73}},"26":{"start":{"line":81,"column":10},"end":{"line":84,"column":6}},"27":{"start":{"line":85,"column":4},"end":{"line":85,"column":31}},"28":{"start":{"line":88,"column":4},"end":{"line":88,"column":41}},"29":{"start":{"line":92,"column":0},"end":{"line":92,"column":null}}},"fnMap":{"0":{"name":"(anonymous_16)","decl":{"start":{"line":34,"column":0},"end":{"line":34,"column":null}},"loc":{"start":{"line":34,"column":0},"end":{"line":92,"column":null}}},"1":{"name":"LoginUnico","decl":{"start":{"line":38,"column":1},"end":{"line":38,"column":21}},"loc":{"start":{"line":38,"column":40},"end":{"line":40,"column":2}}},"2":{"name":"(anonymous_18)","decl":{"start":{"line":42,"column":1},"end":{"line":42,"column":7}},"loc":{"start":{"line":42,"column":51},"end":{"line":91,"column":null}}}},"branchMap":{"0":{"loc":{"start":{"line":73,"column":8},"end":{"line":73,"column":19}},"type":"binary-expr","locations":[{"start":{"line":73,"column":8},"end":{"line":73,"column":19}},{"start":{"line":73,"column":23},"end":{"line":73,"column":32}}]},"1":{"loc":{"start":{"line":79,"column":3},"end":{"line":89,"column":null}},"type":"if","locations":[{"start":{"line":79,"column":3},"end":{"line":89,"column":null}},{"start":{"line":79,"column":3},"end":{"line":89,"column":null}}]},"2":{"loc":{"start":{"line":80,"column":24},"end":{"line":80,"column":37}},"type":"binary-expr","locations":[{"start":{"line":80,"column":24},"end":{"line":80,"column":37}},{"start":{"line":80,"column":41},"end":{"line":80,"column":72}}]},"3":{"loc":{"start":{"line":83,"column":9},"end":{"line":83,"column":20}},"type":"binary-expr","locations":[{"start":{"line":83,"column":9},"end":{"line":83,"column":20}},{"start":{"line":83,"column":24},"end":{"line":83,"column":39}}]}},"s":{"0":1,"1":1,"2":1,"3":1,"4":1,"5":1,"6":1,"7":1,"8":0,"9":0,"10":1,"11":0,"12":0,"13":0,"14":0,"15":0,"16":0,"17":0,"18":0,"19":0,"20":0,"21":0,"22":0,"23":0,"24":0,"25":0,"26":0,"27":0,"28":0,"29":1},"f":{"0":1,"1":0,"2":0},"b":{"0":[0,0],"1":[0,0],"2":[0,0],"3":[0,0]}}
,"E:\\GitLab\\libraske-api\\src\\services\\TokenService.ts": {"path":"E:\\GitLab\\libraske-api\\src\\services\\TokenService.ts","statementMap":{"0":{"start":{"line":1,"column":0},"end":{"line":1,"column":31}},"1":{"start":{"line":2,"column":0},"end":{"line":2,"column":45}},"2":{"start":{"line":4,"column":0},"end":{"line":4,"column":40}},"3":{"start":{"line":5,"column":0},"end":{"line":5,"column":34}},"4":{"start":{"line":6,"column":0},"end":{"line":6,"column":42}},"5":{"start":{"line":8,"column":0},"end":{"line":8,"column":null}},"6":{"start":{"line":10,"column":9},"end":{"line":14,"column":null}},"7":{"start":{"line":11,"column":4},"end":{"line":13,"column":7}},"8":{"start":{"line":16,"column":9},"end":{"line":20,"column":null}},"9":{"start":{"line":17,"column":4},"end":{"line":19,"column":7}},"10":{"start":{"line":22,"column":9},"end":{"line":31,"column":null}},"11":{"start":{"line":23,"column":4},"end":{"line":30,"column":null}},"12":{"start":{"line":24,"column":6},"end":{"line":24,"column":51}},"13":{"start":{"line":26,"column":6},"end":{"line":28,"column":null}},"14":{"start":{"line":27,"column":8},"end":{"line":27,"column":null}},"15":{"start":{"line":29,"column":6},"end":{"line":29,"column":57}},"16":{"start":{"line":33,"column":15},"end":{"line":41,"column":null}},"17":{"start":{"line":35,"column":10},"end":{"line":35,"column":47}},"18":{"start":{"line":36,"column":17},"end":{"line":36,"column":null}},"19":{"start":{"line":36,"column":10},"end":{"line":36,"column":null}},"20":{"start":{"line":38,"column":4},"end":{"line":38,"column":42}},"21":{"start":{"line":40,"column":4},"end":{"line":40,"column":null}},"22":{"start":{"line":43,"column":15},"end":{"line":50,"column":null}},"23":{"start":{"line":45,"column":10},"end":{"line":45,"column":47}},"24":{"start":{"line":46,"column":17},"end":{"line":46,"column":null}},"25":{"start":{"line":46,"column":10},"end":{"line":46,"column":null}},"26":{"start":{"line":48,"column":4},"end":{"line":48,"column":65}},"27":{"start":{"line":51,"column":0},"end":{"line":51,"column":null}},"28":{"start":{"line":53,"column":0},"end":{"line":53,"column":34}}},"fnMap":{"0":{"name":"(anonymous_14)","decl":{"start":{"line":8,"column":0},"end":{"line":8,"column":null}},"loc":{"start":{"line":8,"column":0},"end":{"line":51,"column":null}}},"1":{"name":"(anonymous_16)","decl":{"start":{"line":10,"column":2},"end":{"line":10,"column":9}},"loc":{"start":{"line":10,"column":32},"end":{"line":14,"column":3}}},"2":{"name":"(anonymous_17)","decl":{"start":{"line":16,"column":2},"end":{"line":16,"column":9}},"loc":{"start":{"line":16,"column":39},"end":{"line":20,"column":3}}},"3":{"name":"(anonymous_18)","decl":{"start":{"line":22,"column":2},"end":{"line":22,"column":9}},"loc":{"start":{"line":22,"column":48},"end":{"line":31,"column":3}}},"4":{"name":"(anonymous_19)","decl":{"start":{"line":33,"column":2},"end":{"line":33,"column":15}},"loc":{"start":{"line":33,"column":47},"end":{"line":41,"column":null}}},"5":{"name":"(anonymous_22)","decl":{"start":{"line":43,"column":2},"end":{"line":43,"column":15}},"loc":{"start":{"line":43,"column":47},"end":{"line":50,"column":null}}}},"branchMap":{"0":{"loc":{"start":{"line":26,"column":6},"end":{"line":28,"column":null}},"type":"if","locations":[{"start":{"line":26,"column":6},"end":{"line":28,"column":null}},{"start":{"line":26,"column":6},"end":{"line":28,"column":null}}]}},"s":{"0":2,"1":2,"2":2,"3":2,"4":2,"5":2,"6":2,"7":2,"8":2,"9":12,"10":2,"11":3,"12":3,"13":2,"14":1,"15":1,"16":2,"17":1,"18":1,"19":1,"20":1,"21":1,"22":2,"23":1,"24":1,"25":1,"26":2,"27":2,"28":2},"f":{"0":4,"1":2,"2":12,"3":3,"4":1,"5":1},"b":{"0":[1,1]}}
,"E:\\GitLab\\libraske-api\\src\\services\\UpdateUserService.ts": {"path":"E:\\GitLab\\libraske-api\\src\\services\\UpdateUserService.ts","statementMap":{"0":{"start":{"line":1,"column":0},"end":{"line":1,"column":40}},"1":{"start":{"line":3,"column":0},"end":{"line":3,"column":34}},"2":{"start":{"line":13,"column":0},"end":{"line":13,"column":null}},"3":{"start":{"line":14,"column":15},"end":{"line":26,"column":null}},"4":{"start":{"line":14,"column":29},"end":{"line":14,"column":31}},"5":{"start":{"line":14,"column":36},"end":{"line":14,"column":38}},"6":{"start":{"line":14,"column":41},"end":{"line":14,"column":43}},"7":{"start":{"line":14,"column":55},"end":{"line":14,"column":57}},"8":{"start":{"line":14,"column":69},"end":{"line":14,"column":81}},"9":{"start":{"line":16,"column":10},"end":{"line":16,"column":47}},"10":{"start":{"line":18,"column":4},"end":{"line":24,"column":7}},"11":{"start":{"line":27,"column":0},"end":{"line":27,"column":null}},"12":{"start":{"line":29,"column":0},"end":{"line":29,"column":39}}},"fnMap":{"0":{"name":"(anonymous_14)","decl":{"start":{"line":13,"column":0},"end":{"line":13,"column":null}},"loc":{"start":{"line":13,"column":0},"end":{"line":27,"column":null}}},"1":{"name":"(anonymous_16)","decl":{"start":{"line":14,"column":2},"end":{"line":14,"column":15}},"loc":{"start":{"line":14,"column":81},"end":{"line":26,"column":null}}}},"branchMap":{},"s":{"0":1,"1":1,"2":1,"3":1,"4":1,"5":1,"6":1,"7":1,"8":1,"9":1,"10":2,"11":1,"12":1},"f":{"0":2,"1":1},"b":{}}
,"E:\\GitLab\\libraske-api\\src\\utils\\CPFFactory.ts": {"path":"E:\\GitLab\\libraske-api\\src\\utils\\CPFFactory.ts","statementMap":{"0":{"start":{"line":1,"column":0},"end":{"line":1,"column":22}},"1":{"start":{"line":3,"column":28},"end":{"line":5,"column":1}},"2":{"start":{"line":4,"column":4},"end":{"line":4,"column":26}},"3":{"start":{"line":11,"column":4},"end":{"line":11,"column":23}},"4":{"start":{"line":6,"column":30},"end":{"line":8,"column":1}},"5":{"start":{"line":7,"column":4},"end":{"line":7,"column":70}},"6":{"start":{"line":12,"column":4},"end":{"line":12,"column":25}}},"fnMap":{"0":{"name":"(anonymous_1)","decl":{"start":{"line":3,"column":28},"end":{"line":3,"column":null}},"loc":{"start":{"line":3,"column":28},"end":{"line":5,"column":1}}},"1":{"name":"(anonymous_2)","decl":{"start":{"line":6,"column":30},"end":{"line":6,"column":null}},"loc":{"start":{"line":6,"column":30},"end":{"line":8,"column":1}}}},"branchMap":{},"s":{"0":4,"1":4,"2":22,"3":4,"4":4,"5":22,"6":4},"f":{"0":22,"1":22},"b":{}}
,"E:\\GitLab\\libraske-api\\src\\utils\\UsersInformationsFactory.ts": {"path":"E:\\GitLab\\libraske-api\\src\\utils\\UsersInformationsFactory.ts","statementMap":{"0":{"start":{"line":1,"column":0},"end":{"line":1,"column":26}},"1":{"start":{"line":3,"column":27},"end":{"line":5,"column":1}},"2":{"start":{"line":4,"column":4},"end":{"line":4,"column":null}},"3":{"start":{"line":3,"column":13},"end":{"line":3,"column":27}},"4":{"start":{"line":7,"column":32},"end":{"line":9,"column":1}},"5":{"start":{"line":8,"column":4},"end":{"line":8,"column":null}},"6":{"start":{"line":7,"column":13},"end":{"line":7,"column":32}},"7":{"start":{"line":11,"column":28},"end":{"line":13,"column":1}},"8":{"start":{"line":12,"column":4},"end":{"line":12,"column":34}},"9":{"start":{"line":11,"column":13},"end":{"line":11,"column":28}},"10":{"start":{"line":15,"column":38},"end":{"line":17,"column":1}},"11":{"start":{"line":16,"column":4},"end":{"line":16,"column":32}},"12":{"start":{"line":15,"column":13},"end":{"line":15,"column":38}}},"fnMap":{"0":{"name":"(anonymous_1)","decl":{"start":{"line":3,"column":27},"end":{"line":3,"column":null}},"loc":{"start":{"line":3,"column":27},"end":{"line":5,"column":1}}},"1":{"name":"(anonymous_2)","decl":{"start":{"line":7,"column":32},"end":{"line":7,"column":null}},"loc":{"start":{"line":7,"column":32},"end":{"line":9,"column":1}}},"2":{"name":"(anonymous_3)","decl":{"start":{"line":11,"column":28},"end":{"line":11,"column":null}},"loc":{"start":{"line":11,"column":28},"end":{"line":13,"column":1}}},"3":{"name":"(anonymous_4)","decl":{"start":{"line":15,"column":38},"end":{"line":15,"column":null}},"loc":{"start":{"line":15,"column":38},"end":{"line":17,"column":1}}}},"branchMap":{},"s":{"0":4,"1":4,"2":13,"3":4,"4":4,"5":23,"6":4,"7":4,"8":12,"9":4,"10":4,"11":14,"12":4},"f":{"0":13,"1":23,"2":12,"3":14},"b":{}}
}
