{"E:\\GitLab\\libraske-api\\src\\environment\\environment.ts": {"path":"E:\\GitLab\\libraske-api\\src\\environment\\environment.ts","statementMap":{"0":{"start":{"line":1,"column":0},"end":{"line":1,"column":51}},"1":{"start":{"line":2,"column":0},"end":{"line":2,"column":24}},"2":{"start":{"line":4,"column":32},"end":{"line":12,"column":1}},"3":{"start":{"line":6,"column":2},"end":{"line":9,"column":null}},"4":{"start":{"line":7,"column":23},"end":{"line":7,"column":72}},"5":{"start":{"line":8,"column":4},"end":{"line":8,"column":75}},"6":{"start":{"line":11,"column":2},"end":{"line":11,"column":42}},"7":{"start":{"line":4,"column":13},"end":{"line":4,"column":32}},"8":{"start":{"line":14,"column":0},"end":{"line":14,"column":64}}},"fnMap":{"0":{"name":"loadEnviromentsVariables","decl":{"start":{"line":4,"column":41},"end":{"line":4,"column":65}},"loc":{"start":{"line":4,"column":91},"end":{"line":12,"column":1}}}},"branchMap":{"0":{"loc":{"start":{"line":6,"column":2},"end":{"line":9,"column":null}},"type":"if","locations":[{"start":{"line":6,"column":2},"end":{"line":9,"column":null}},{"start":{"line":6,"column":2},"end":{"line":9,"column":null}}]},"1":{"loc":{"start":{"line":6,"column":6},"end":{"line":6,"column":33}},"type":"binary-expr","locations":[{"start":{"line":6,"column":6},"end":{"line":6,"column":33}},{"start":{"line":6,"column":37},"end":{"line":6,"column":65}}]}},"s":{"0":1,"1":1,"2":1,"3":1,"4":1,"5":1,"6":0,"7":1,"8":1},"f":{"0":1},"b":{"0":[1,0],"1":[1,1]}}
,"E:\\GitLab\\libraske-api\\src\\errors\\AppError.ts": {"path":"E:\\GitLab\\libraske-api\\src\\errors\\AppError.ts","statementMap":{"0":{"start":{"line":1,"column":0},"end":{"line":1,"column":null}},"1":{"start":{"line":6,"column":31},"end":{"line":6,"column":null}},"2":{"start":{"line":7,"column":4},"end":{"line":7,"column":27}},"3":{"start":{"line":8,"column":4},"end":{"line":8,"column":33}},"4":{"start":{"line":10,"column":0},"end":{"line":10,"column":null}},"5":{"start":{"line":12,"column":0},"end":{"line":12,"column":24}}},"fnMap":{"0":{"name":"(anonymous_0)","decl":{"start":{"line":1,"column":0},"end":{"line":1,"column":null}},"loc":{"start":{"line":1,"column":0},"end":{"line":10,"column":null}}},"1":{"name":"AppError","decl":{"start":{"line":6,"column":2},"end":{"line":6,"column":14}},"loc":{"start":{"line":6,"column":47},"end":{"line":9,"column":3}}}},"branchMap":{"0":{"loc":{"start":{"line":6,"column":31},"end":{"line":6,"column":null}},"type":"if","locations":[{"start":{"line":6,"column":31},"end":{"line":6,"column":null}},{"start":{"line":6,"column":31},"end":{"line":6,"column":null}}]}},"s":{"0":1,"1":4,"2":4,"3":4,"4":1,"5":1},"f":{"0":1,"1":4},"b":{"0":[0,4]}}
,"E:\\GitLab\\libraske-api\\src\\models\\User.ts": {"path":"E:\\GitLab\\libraske-api\\src\\models\\User.ts","statementMap":{"0":{"start":{"line":1,"column":0},"end":{"line":1,"column":null}},"1":{"start":{"line":10,"column":0},"end":{"line":10,"column":6}},"2":{"start":{"line":12,"column":2},"end":{"line":12,"column":null}},"3":{"start":{"line":15,"column":2},"end":{"line":15,"column":null}},"4":{"start":{"line":18,"column":2},"end":{"line":18,"column":null}},"5":{"start":{"line":21,"column":2},"end":{"line":21,"column":null}},"6":{"start":{"line":24,"column":2},"end":{"line":24,"column":null}},"7":{"start":{"line":27,"column":2},"end":{"line":27,"column":null}},"8":{"start":{"line":30,"column":2},"end":{"line":30,"column":null}},"9":{"start":{"line":33,"column":2},"end":{"line":33,"column":null}},"10":{"start":{"line":36,"column":2},"end":{"line":36,"column":null}},"11":{"start":{"line":10,"column":6},"end":{"line":37,"column":null}},"12":{"start":{"line":37,"column":0},"end":{"line":37,"column":null}},"13":{"start":{"line":39,"column":0},"end":{"line":39,"column":20}}},"fnMap":{"0":{"name":"(anonymous_2)","decl":{"start":{"line":10,"column":0},"end":{"line":10,"column":6}},"loc":{"start":{"line":10,"column":0},"end":{"line":10,"column":6}}}},"branchMap":{},"s":{"0":1,"1":1,"2":1,"3":1,"4":1,"5":1,"6":1,"7":1,"8":1,"9":1,"10":1,"11":1,"12":1,"13":1},"f":{"0":17},"b":{}}
,"E:\\GitLab\\libraske-api\\src\\repository\\UsersRepository.ts": {"path":"E:\\GitLab\\libraske-api\\src\\repository\\UsersRepository.ts","statementMap":{"0":{"start":{"line":1,"column":0},"end":{"line":1,"column":52}},"1":{"start":{"line":2,"column":0},"end":{"line":2,"column":34}},"2":{"start":{"line":10,"column":0},"end":{"line":10,"column":null}},"3":{"start":{"line":11,"column":10},"end":{"line":13,"column":null}},"4":{"start":{"line":12,"column":15},"end":{"line":12,"column":57}},"5":{"start":{"line":12,"column":8},"end":{"line":12,"column":57}},"6":{"start":{"line":15,"column":10},"end":{"line":17,"column":null}},"7":{"start":{"line":16,"column":15},"end":{"line":16,"column":58}},"8":{"start":{"line":16,"column":8},"end":{"line":16,"column":58}},"9":{"start":{"line":19,"column":4},"end":{"line":21,"column":null}},"10":{"start":{"line":20,"column":8},"end":{"line":20,"column":35}},"11":{"start":{"line":22,"column":0},"end":{"line":22,"column":null}},"12":{"start":{"line":24,"column":0},"end":{"line":24,"column":37}}},"fnMap":{"0":{"name":"(anonymous_14)","decl":{"start":{"line":10,"column":0},"end":{"line":10,"column":null}},"loc":{"start":{"line":10,"column":0},"end":{"line":22,"column":null}}},"1":{"name":"(anonymous_16)","decl":{"start":{"line":11,"column":4},"end":{"line":11,"column":10}},"loc":{"start":{"line":11,"column":32},"end":{"line":13,"column":null}}},"2":{"name":"(anonymous_19)","decl":{"start":{"line":15,"column":4},"end":{"line":15,"column":10}},"loc":{"start":{"line":15,"column":34},"end":{"line":17,"column":null}}},"3":{"name":"(anonymous_22)","decl":{"start":{"line":19,"column":4},"end":{"line":19,"column":15}},"loc":{"start":{"line":19,"column":4},"end":{"line":21,"column":5}}}},"branchMap":{"0":{"loc":{"start":{"line":12,"column":15},"end":{"line":12,"column":57}},"type":"switch","locations":[{"start":{"line":12,"column":15},"end":{"line":12,"column":57}},{"start":{"line":12,"column":8},"end":{"line":12,"column":57}}]},"1":{"loc":{"start":{"line":16,"column":15},"end":{"line":16,"column":58}},"type":"switch","locations":[{"start":{"line":16,"column":15},"end":{"line":16,"column":58}},{"start":{"line":16,"column":8},"end":{"line":16,"column":58}}]}},"s":{"0":1,"1":1,"2":1,"3":1,"4":9,"5":9,"6":1,"7":2,"8":2,"9":1,"10":16,"11":1,"12":1},"f":{"0":2,"1":9,"2":2,"3":16},"b":{"0":[9,9],"1":[2,2]}}
,"E:\\GitLab\\libraske-api\\src\\services\\TokenService.ts": {"path":"E:\\GitLab\\libraske-api\\src\\services\\TokenService.ts","statementMap":{"0":{"start":{"line":1,"column":0},"end":{"line":1,"column":31}},"1":{"start":{"line":2,"column":0},"end":{"line":2,"column":45}},"2":{"start":{"line":3,"column":0},"end":{"line":3,"column":42}},"3":{"start":{"line":4,"column":0},"end":{"line":4,"column":42}},"4":{"start":{"line":12,"column":0},"end":{"line":12,"column":null}},"5":{"start":{"line":17,"column":4},"end":{"line":17,"column":36}},"6":{"start":{"line":20,"column":2},"end":{"line":22,"column":null}},"7":{"start":{"line":21,"column":4},"end":{"line":21,"column":35}},"8":{"start":{"line":24,"column":9},"end":{"line":28,"column":null}},"9":{"start":{"line":25,"column":4},"end":{"line":27,"column":7}},"10":{"start":{"line":30,"column":9},"end":{"line":34,"column":null}},"11":{"start":{"line":31,"column":4},"end":{"line":33,"column":7}},"12":{"start":{"line":36,"column":9},"end":{"line":45,"column":null}},"13":{"start":{"line":37,"column":4},"end":{"line":44,"column":null}},"14":{"start":{"line":38,"column":6},"end":{"line":38,"column":51}},"15":{"start":{"line":40,"column":6},"end":{"line":42,"column":null}},"16":{"start":{"line":41,"column":8},"end":{"line":41,"column":null}},"17":{"start":{"line":43,"column":6},"end":{"line":43,"column":57}},"18":{"start":{"line":47,"column":9},"end":{"line":49,"column":null}},"19":{"start":{"line":48,"column":4},"end":{"line":48,"column":49}},"20":{"start":{"line":51,"column":15},"end":{"line":59,"column":null}},"21":{"start":{"line":53,"column":4},"end":{"line":53,"column":42}},"22":{"start":{"line":54,"column":12},"end":{"line":54,"column":20}},"23":{"start":{"line":56,"column":4},"end":{"line":56,"column":54}},"24":{"start":{"line":58,"column":4},"end":{"line":58,"column":null}},"25":{"start":{"line":61,"column":15},"end":{"line":70,"column":null}},"26":{"start":{"line":63,"column":4},"end":{"line":63,"column":42}},"27":{"start":{"line":64,"column":12},"end":{"line":64,"column":20}},"28":{"start":{"line":66,"column":17},"end":{"line":66,"column":null}},"29":{"start":{"line":66,"column":10},"end":{"line":66,"column":null}},"30":{"start":{"line":68,"column":4},"end":{"line":68,"column":71}},"31":{"start":{"line":71,"column":0},"end":{"line":71,"column":null}},"32":{"start":{"line":73,"column":0},"end":{"line":73,"column":34}}},"fnMap":{"0":{"name":"(anonymous_16)","decl":{"start":{"line":12,"column":0},"end":{"line":12,"column":null}},"loc":{"start":{"line":12,"column":0},"end":{"line":71,"column":null}}},"1":{"name":"TokenService","decl":{"start":{"line":16,"column":2},"end":{"line":16,"column":null}},"loc":{"start":{"line":16,"column":2},"end":{"line":18,"column":3}}},"2":{"name":"(anonymous_18)","decl":{"start":{"line":20,"column":2},"end":{"line":20,"column":13}},"loc":{"start":{"line":20,"column":57},"end":{"line":22,"column":3}}},"3":{"name":"(anonymous_19)","decl":{"start":{"line":24,"column":2},"end":{"line":24,"column":9}},"loc":{"start":{"line":24,"column":32},"end":{"line":28,"column":3}}},"4":{"name":"(anonymous_20)","decl":{"start":{"line":30,"column":2},"end":{"line":30,"column":9}},"loc":{"start":{"line":30,"column":39},"end":{"line":34,"column":3}}},"5":{"name":"(anonymous_21)","decl":{"start":{"line":36,"column":2},"end":{"line":36,"column":9}},"loc":{"start":{"line":36,"column":48},"end":{"line":45,"column":3}}},"6":{"name":"(anonymous_22)","decl":{"start":{"line":47,"column":2},"end":{"line":47,"column":9}},"loc":{"start":{"line":47,"column":41},"end":{"line":49,"column":3}}},"7":{"name":"(anonymous_23)","decl":{"start":{"line":51,"column":2},"end":{"line":51,"column":15}},"loc":{"start":{"line":51,"column":47},"end":{"line":59,"column":null}}},"8":{"name":"(anonymous_26)","decl":{"start":{"line":61,"column":2},"end":{"line":61,"column":15}},"loc":{"start":{"line":61,"column":47},"end":{"line":70,"column":null}}}},"branchMap":{"0":{"loc":{"start":{"line":40,"column":6},"end":{"line":42,"column":null}},"type":"if","locations":[{"start":{"line":40,"column":6},"end":{"line":42,"column":null}},{"start":{"line":40,"column":6},"end":{"line":42,"column":null}}]}},"s":{"0":1,"1":1,"2":1,"3":1,"4":1,"5":1,"6":1,"7":0,"8":1,"9":0,"10":1,"11":11,"12":1,"13":0,"14":0,"15":0,"16":0,"17":0,"18":1,"19":0,"20":1,"21":0,"22":0,"23":0,"24":0,"25":1,"26":0,"27":0,"28":0,"29":0,"30":0,"31":1,"32":1},"f":{"0":1,"1":1,"2":0,"3":0,"4":11,"5":0,"6":0,"7":0,"8":0},"b":{"0":[0,0]}}
,"E:\\GitLab\\libraske-api\\src\\services\\UsersService.ts": {"path":"E:\\GitLab\\libraske-api\\src\\services\\UsersService.ts","statementMap":{"0":{"start":{"line":1,"column":0},"end":{"line":1,"column":42}},"1":{"start":{"line":3,"column":0},"end":{"line":3,"column":59}},"2":{"start":{"line":28,"column":0},"end":{"line":28,"column":null}},"3":{"start":{"line":33,"column":8},"end":{"line":33,"column":46}},"4":{"start":{"line":36,"column":17},"end":{"line":49,"column":null}},"5":{"start":{"line":36,"column":34},"end":{"line":36,"column":36}},"6":{"start":{"line":36,"column":41},"end":{"line":36,"column":43}},"7":{"start":{"line":36,"column":46},"end":{"line":36,"column":48}},"8":{"start":{"line":36,"column":60},"end":{"line":36,"column":62}},"9":{"start":{"line":36,"column":74},"end":{"line":36,"column":89}},"10":{"start":{"line":38,"column":14},"end":{"line":38,"column":66}},"11":{"start":{"line":40,"column":8},"end":{"line":47,"column":null}},"12":{"start":{"line":51,"column":17},"end":{"line":68,"column":null}},"13":{"start":{"line":51,"column":39},"end":{"line":51,"column":41}},"14":{"start":{"line":51,"column":44},"end":{"line":51,"column":64}},"15":{"start":{"line":55,"column":12},"end":{"line":55,"column":15}},"16":{"start":{"line":56,"column":19},"end":{"line":56,"column":64}},"17":{"start":{"line":56,"column":12},"end":{"line":56,"column":64}},"18":{"start":{"line":57,"column":19},"end":{"line":57,"column":21}},"19":{"start":{"line":58,"column":19},"end":{"line":58,"column":62}},"20":{"start":{"line":58,"column":12},"end":{"line":58,"column":62}},"21":{"start":{"line":60,"column":12},"end":{"line":60,"column":57}},"22":{"start":{"line":63,"column":8},"end":{"line":65,"column":null}},"23":{"start":{"line":64,"column":12},"end":{"line":64,"column":55}},"24":{"start":{"line":67,"column":8},"end":{"line":67,"column":20}},"25":{"start":{"line":70,"column":17},"end":{"line":82,"column":null}},"26":{"start":{"line":70,"column":34},"end":{"line":70,"column":36}},"27":{"start":{"line":70,"column":41},"end":{"line":70,"column":43}},"28":{"start":{"line":70,"column":46},"end":{"line":70,"column":48}},"29":{"start":{"line":70,"column":60},"end":{"line":70,"column":62}},"30":{"start":{"line":70,"column":74},"end":{"line":70,"column":92}},"31":{"start":{"line":72,"column":14},"end":{"line":72,"column":66}},"32":{"start":{"line":74,"column":8},"end":{"line":80,"column":11}},"33":{"start":{"line":84,"column":17},"end":{"line":97,"column":null}},"34":{"start":{"line":84,"column":47},"end":{"line":84,"column":49}},"35":{"start":{"line":84,"column":53},"end":{"line":84,"column":70}},"36":{"start":{"line":86,"column":14},"end":{"line":86,"column":66}},"37":{"start":{"line":88,"column":29},"end":{"line":88,"column":null}},"38":{"start":{"line":88,"column":14},"end":{"line":88,"column":null}},"39":{"start":{"line":89,"column":14},"end":{"line":89,"column":64}},"40":{"start":{"line":91,"column":8},"end":{"line":93,"column":null}},"41":{"start":{"line":92,"column":12},"end":{"line":92,"column":65}},"42":{"start":{"line":95,"column":15},"end":{"line":95,"column":81}},"43":{"start":{"line":95,"column":8},"end":{"line":95,"column":81}},"44":{"start":{"line":99,"column":17},"end":{"line":101,"column":null}},"45":{"start":{"line":99,"column":47},"end":{"line":99,"column":49}},"46":{"start":{"line":99,"column":53},"end":{"line":99,"column":70}},"47":{"start":{"line":100,"column":15},"end":{"line":100,"column":84}},"48":{"start":{"line":100,"column":8},"end":{"line":100,"column":84}},"49":{"start":{"line":103,"column":17},"end":{"line":114,"column":null}},"50":{"start":{"line":105,"column":29},"end":{"line":105,"column":null}},"51":{"start":{"line":105,"column":14},"end":{"line":105,"column":null}},"52":{"start":{"line":107,"column":14},"end":{"line":107,"column":63}},"53":{"start":{"line":109,"column":8},"end":{"line":111,"column":null}},"54":{"start":{"line":110,"column":12},"end":{"line":110,"column":65}},"55":{"start":{"line":113,"column":8},"end":{"line":113,"column":25}},"56":{"start":{"line":116,"column":17},"end":{"line":127,"column":null}},"57":{"start":{"line":118,"column":14},"end":{"line":118,"column":73}},"58":{"start":{"line":120,"column":14},"end":{"line":122,"column":null}},"59":{"start":{"line":124,"column":28},"end":{"line":124,"column":null}},"60":{"start":{"line":124,"column":14},"end":{"line":124,"column":null}},"61":{"start":{"line":126,"column":8},"end":{"line":126,"column":27}},"62":{"start":{"line":129,"column":0},"end":{"line":129,"column":null}},"63":{"start":{"line":131,"column":0},"end":{"line":131,"column":34}}},"fnMap":{"0":{"name":"(anonymous_16)","decl":{"start":{"line":28,"column":0},"end":{"line":28,"column":null}},"loc":{"start":{"line":28,"column":0},"end":{"line":129,"column":null}}},"1":{"name":"UsersService","decl":{"start":{"line":32,"column":4},"end":{"line":32,"column":null}},"loc":{"start":{"line":32,"column":4},"end":{"line":34,"column":5}}},"2":{"name":"(anonymous_18)","decl":{"start":{"line":36,"column":4},"end":{"line":36,"column":17}},"loc":{"start":{"line":36,"column":89},"end":{"line":49,"column":null}}},"3":{"name":"(anonymous_21)","decl":{"start":{"line":51,"column":4},"end":{"line":51,"column":17}},"loc":{"start":{"line":51,"column":64},"end":{"line":68,"column":null}}},"4":{"name":"(anonymous_24)","decl":{"start":{"line":70,"column":4},"end":{"line":70,"column":17}},"loc":{"start":{"line":70,"column":92},"end":{"line":82,"column":null}}},"5":{"name":"(anonymous_27)","decl":{"start":{"line":84,"column":4},"end":{"line":84,"column":17}},"loc":{"start":{"line":84,"column":70},"end":{"line":97,"column":null}}},"6":{"name":"(anonymous_30)","decl":{"start":{"line":99,"column":4},"end":{"line":99,"column":17}},"loc":{"start":{"line":99,"column":70},"end":{"line":101,"column":null}}},"7":{"name":"(anonymous_33)","decl":{"start":{"line":103,"column":4},"end":{"line":103,"column":17}},"loc":{"start":{"line":103,"column":88},"end":{"line":114,"column":null}}},"8":{"name":"(anonymous_36)","decl":{"start":{"line":116,"column":4},"end":{"line":116,"column":17}},"loc":{"start":{"line":116,"column":42},"end":{"line":127,"column":null}}}},"branchMap":{"0":{"loc":{"start":{"line":60,"column":12},"end":{"line":60,"column":57}},"type":"switch","locations":[{"start":{"line":60,"column":12},"end":{"line":60,"column":57}}]},"1":{"loc":{"start":{"line":55,"column":12},"end":{"line":55,"column":15}},"type":"if","locations":[{"start":{"line":55,"column":12},"end":{"line":55,"column":15}},{"start":{"line":55,"column":12},"end":{"line":55,"column":15}}]},"2":{"loc":{"start":{"line":57,"column":19},"end":{"line":57,"column":21}},"type":"if","locations":[{"start":{"line":57,"column":19},"end":{"line":57,"column":21}},{"start":{"line":57,"column":19},"end":{"line":57,"column":21}}]},"3":{"loc":{"start":{"line":63,"column":8},"end":{"line":65,"column":null}},"type":"if","locations":[{"start":{"line":63,"column":8},"end":{"line":65,"column":null}},{"start":{"line":63,"column":8},"end":{"line":65,"column":null}}]},"4":{"loc":{"start":{"line":95,"column":8},"end":{"line":95,"column":81}},"type":"switch","locations":[{"start":{"line":95,"column":8},"end":{"line":95,"column":81}}]},"5":{"loc":{"start":{"line":91,"column":8},"end":{"line":93,"column":null}},"type":"if","locations":[{"start":{"line":91,"column":8},"end":{"line":93,"column":null}},{"start":{"line":91,"column":8},"end":{"line":93,"column":null}}]},"6":{"loc":{"start":{"line":100,"column":15},"end":{"line":100,"column":84}},"type":"switch","locations":[{"start":{"line":100,"column":15},"end":{"line":100,"column":84}},{"start":{"line":100,"column":8},"end":{"line":100,"column":84}}]},"7":{"loc":{"start":{"line":105,"column":29},"end":{"line":105,"column":null}},"type":"switch","locations":[{"start":{"line":105,"column":29},"end":{"line":105,"column":null}}]},"8":{"loc":{"start":{"line":109,"column":8},"end":{"line":111,"column":null}},"type":"if","locations":[{"start":{"line":109,"column":8},"end":{"line":111,"column":null}},{"start":{"line":109,"column":8},"end":{"line":111,"column":null}}]}},"s":{"0":1,"1":1,"2":1,"3":1,"4":1,"5":10,"6":10,"7":10,"8":10,"9":10,"10":10,"11":10,"12":1,"13":12,"14":12,"15":22,"16":2,"17":2,"18":11,"19":9,"20":9,"21":1,"22":11,"23":1,"24":10,"25":1,"26":1,"27":1,"28":1,"29":1,"30":1,"31":1,"32":2,"33":1,"34":4,"35":4,"36":4,"37":4,"38":4,"39":4,"40":4,"41":1,"42":3,"43":3,"44":1,"45":2,"46":2,"47":2,"48":2,"49":1,"50":2,"51":2,"52":2,"53":2,"54":1,"55":1,"56":1,"57":1,"58":1,"59":1,"60":1,"61":1,"62":1,"63":1},"f":{"0":1,"1":1,"2":10,"3":12,"4":1,"5":4,"6":2,"7":2,"8":1},"b":{"0":[1],"1":[10,2],"2":[1,9],"3":[1,10],"4":[3],"5":[1,3],"6":[2,2],"7":[2],"8":[1,1]}}
,"E:\\GitLab\\libraske-api\\src\\utils\\DataGenerator.ts": {"path":"E:\\GitLab\\libraske-api\\src\\utils\\DataGenerator.ts","statementMap":{"0":{"start":{"line":1,"column":0},"end":{"line":1,"column":26}},"1":{"start":{"line":2,"column":0},"end":{"line":2,"column":22}},"2":{"start":{"line":4,"column":0},"end":{"line":4,"column":21}},"3":{"start":{"line":5,"column":11},"end":{"line":7,"column":null}},"4":{"start":{"line":6,"column":8},"end":{"line":6,"column":null}},"5":{"start":{"line":9,"column":11},"end":{"line":11,"column":null}},"6":{"start":{"line":10,"column":8},"end":{"line":10,"column":null}},"7":{"start":{"line":13,"column":11},"end":{"line":15,"column":null}},"8":{"start":{"line":14,"column":8},"end":{"line":14,"column":38}},"9":{"start":{"line":17,"column":11},"end":{"line":19,"column":null}},"10":{"start":{"line":18,"column":8},"end":{"line":18,"column":36}},"11":{"start":{"line":21,"column":11},"end":{"line":23,"column":null}},"12":{"start":{"line":22,"column":8},"end":{"line":22,"column":39}},"13":{"start":{"line":25,"column":11},"end":{"line":27,"column":null}},"14":{"start":{"line":26,"column":8},"end":{"line":26,"column":30}},"15":{"start":{"line":29,"column":11},"end":{"line":31,"column":null}},"16":{"start":{"line":30,"column":8},"end":{"line":30,"column":84}},"17":{"start":{"line":33,"column":11},"end":{"line":35,"column":null}},"18":{"start":{"line":34,"column":8},"end":{"line":34,"column":35}},"19":{"start":{"line":37,"column":0},"end":{"line":37,"column":null}},"20":{"start":{"line":4,"column":21},"end":{"line":4,"column":null}}},"fnMap":{"0":{"name":"(anonymous_1)","decl":{"start":{"line":4,"column":0},"end":{"line":4,"column":21}},"loc":{"start":{"line":4,"column":0},"end":{"line":4,"column":21}}},"1":{"name":"(anonymous_3)","decl":{"start":{"line":5,"column":21},"end":{"line":5,"column":null}},"loc":{"start":{"line":5,"column":21},"end":{"line":7,"column":5}}},"2":{"name":"(anonymous_4)","decl":{"start":{"line":9,"column":26},"end":{"line":9,"column":null}},"loc":{"start":{"line":9,"column":26},"end":{"line":11,"column":5}}},"3":{"name":"(anonymous_5)","decl":{"start":{"line":13,"column":22},"end":{"line":13,"column":null}},"loc":{"start":{"line":13,"column":22},"end":{"line":15,"column":5}}},"4":{"name":"(anonymous_6)","decl":{"start":{"line":17,"column":20},"end":{"line":17,"column":null}},"loc":{"start":{"line":17,"column":20},"end":{"line":19,"column":5}}},"5":{"name":"(anonymous_7)","decl":{"start":{"line":21,"column":24},"end":{"line":21,"column":null}},"loc":{"start":{"line":21,"column":24},"end":{"line":23,"column":5}}},"6":{"name":"(anonymous_8)","decl":{"start":{"line":25,"column":29},"end":{"line":25,"column":null}},"loc":{"start":{"line":25,"column":29},"end":{"line":27,"column":5}}},"7":{"name":"(anonymous_9)","decl":{"start":{"line":29,"column":31},"end":{"line":29,"column":null}},"loc":{"start":{"line":29,"column":31},"end":{"line":31,"column":5}}},"8":{"name":"(anonymous_10)","decl":{"start":{"line":33,"column":27},"end":{"line":33,"column":null}},"loc":{"start":{"line":33,"column":27},"end":{"line":35,"column":5}}}},"branchMap":{},"s":{"0":1,"1":1,"2":1,"3":1,"4":0,"5":1,"6":11,"7":1,"8":11,"9":1,"10":11,"11":1,"12":22,"13":1,"14":11,"15":1,"16":11,"17":1,"18":0,"19":1,"20":1},"f":{"0":1,"1":0,"2":11,"3":11,"4":11,"5":22,"6":11,"7":11,"8":0},"b":{}}
}
