TN:
SF:src\environment\environment.ts
FN:4,loadEnviromentsVariables
FNF:1
FNH:1
FNDA:6,loadEnviromentsVariables
DA:1,4
DA:2,4
DA:4,4
DA:6,6
DA:7,5
DA:8,5
DA:11,1
DA:14,4
LF:8
LH:8
BRDA:6,0,0,5
BRDA:6,0,1,1
BRDA:6,1,0,6
BRDA:6,1,1,6
BRF:4
BRH:4
end_of_record
TN:
SF:src\errors\AppError.ts
FN:1,(anonymous_0)
FN:6,AppError
FNF:2
FNH:2
FNDA:5,(anonymous_0)
FNDA:5,AppError
DA:1,5
DA:6,7
DA:7,5
DA:8,5
DA:10,5
DA:12,5
LF:6
LH:6
BRDA:6,0,0,2
BRDA:6,0,1,3
BRF:2
BRH:2
end_of_record
TN:
SF:src\models\User.ts
FN:10,(anonymous_2)
FNF:1
FNH:1
FNDA:3,(anonymous_2)
DA:1,2
DA:10,2
DA:12,2
DA:15,2
DA:18,2
DA:21,2
DA:24,2
DA:27,2
DA:30,2
DA:33,2
DA:36,2
DA:37,2
DA:39,2
LF:13
LH:13
BRF:0
BRH:0
end_of_record
TN:
SF:src\repository\UsersRepository.ts
FN:10,(anonymous_14)
FN:11,(anonymous_16)
FN:15,(anonymous_19)
FN:19,(anonymous_22)
FNF:4
FNH:2
FNDA:4,(anonymous_14)
FNDA:0,(anonymous_16)
FNDA:0,(anonymous_19)
FNDA:2,(anonymous_22)
DA:1,2
DA:2,2
DA:10,2
DA:11,2
DA:12,0
DA:15,2
DA:16,0
DA:19,2
DA:20,2
DA:22,2
DA:24,2
LF:11
LH:9
BRDA:12,0,0,0
BRDA:12,0,1,0
BRDA:16,1,0,0
BRDA:16,1,1,0
BRF:4
BRH:0
end_of_record
TN:
SF:src\services\AuthorizationService.ts
FN:17,(anonymous_14)
FN:21,AuthorizationService
FN:25,(anonymous_16)
FNF:3
FNH:3
FNDA:1,(anonymous_14)
FNDA:2,AuthorizationService
FNDA:2,(anonymous_16)
DA:2,1
DA:17,1
DA:22,2
DA:25,2
DA:27,2
DA:29,1
DA:36,1
DA:39,1
DA:41,1
LF:9
LH:9
BRF:0
BRH:0
end_of_record
TN:
SF:src\services\LoginUnicoService.ts
FN:31,(anonymous_16)
FN:37,LoginUnico
FN:43,(anonymous_18)
FNF:3
FNH:3
FNDA:2,(anonymous_16)
FNDA:3,LoginUnico
FNDA:3,(anonymous_18)
DA:2,2
DA:5,2
DA:6,2
DA:7,2
DA:22,2
DA:31,2
DA:38,3
DA:39,3
DA:40,3
DA:43,3
DA:44,3
DA:51,3
DA:52,3
DA:54,2
DA:55,2
DA:61,1
DA:63,1
DA:65,1
DA:72,1
DA:81,2
DA:83,2
DA:84,1
DA:85,1
DA:89,1
DA:92,1
DA:96,2
LF:26
LH:26
BRDA:75,0,0,1
BRDA:75,0,1,1
BRDA:83,1,0,1
BRDA:83,1,1,1
BRDA:84,2,0,1
BRDA:84,2,1,1
BRDA:87,3,0,1
BRDA:87,3,1,1
BRF:8
BRH:8
end_of_record
TN:
SF:src\services\TokenService.ts
FN:12,(anonymous_16)
FN:16,TokenService
FN:20,(anonymous_18)
FN:24,(anonymous_19)
FN:30,(anonymous_20)
FN:36,(anonymous_21)
FN:47,(anonymous_22)
FN:51,(anonymous_23)
FN:61,(anonymous_26)
FNF:9
FNH:9
FNDA:1,(anonymous_16)
FNDA:1,TokenService
FNDA:1,(anonymous_18)
FNDA:2,(anonymous_19)
FNDA:7,(anonymous_20)
FNDA:4,(anonymous_21)
FNDA:2,(anonymous_22)
FNDA:1,(anonymous_23)
FNDA:1,(anonymous_26)
DA:1,1
DA:2,1
DA:3,1
DA:4,1
DA:12,1
DA:17,1
DA:20,1
DA:21,1
DA:24,1
DA:25,2
DA:30,1
DA:31,7
DA:36,1
DA:37,4
DA:38,4
DA:40,2
DA:41,1
DA:43,1
DA:47,1
DA:48,2
DA:51,1
DA:53,1
DA:54,1
DA:56,2
DA:58,1
DA:61,1
DA:63,1
DA:64,1
DA:66,1
DA:68,2
DA:71,1
DA:73,1
LF:32
LH:32
BRDA:40,0,0,1
BRDA:40,0,1,1
BRF:2
BRH:2
end_of_record
TN:
SF:src\services\UsersService.ts
FN:28,(anonymous_16)
FN:32,UsersService
FN:36,(anonymous_18)
FN:50,(anonymous_21)
FN:69,(anonymous_24)
FN:83,(anonymous_27)
FN:98,(anonymous_30)
FN:102,(anonymous_33)
FN:115,(anonymous_36)
FNF:9
FNH:2
FNDA:1,(anonymous_16)
FNDA:1,UsersService
FNDA:0,(anonymous_18)
FNDA:0,(anonymous_21)
FNDA:0,(anonymous_24)
FNDA:0,(anonymous_27)
FNDA:0,(anonymous_30)
FNDA:0,(anonymous_33)
FNDA:0,(anonymous_36)
DA:1,1
DA:3,1
DA:28,1
DA:33,1
DA:36,1
DA:38,0
DA:40,0
DA:50,1
DA:54,0
DA:55,0
DA:56,0
DA:57,0
DA:59,0
DA:62,0
DA:63,0
DA:66,0
DA:69,1
DA:71,0
DA:73,0
DA:83,1
DA:85,0
DA:87,0
DA:88,0
DA:90,0
DA:91,0
DA:94,0
DA:98,1
DA:99,0
DA:102,1
DA:104,0
DA:106,0
DA:108,0
DA:109,0
DA:112,0
DA:115,1
DA:117,0
DA:119,0
DA:123,0
DA:125,0
DA:128,1
DA:130,1
LF:41
LH:13
BRDA:59,0,0,0
BRDA:54,1,0,0
BRDA:54,1,1,0
BRDA:56,2,0,0
BRDA:56,2,1,0
BRDA:62,3,0,0
BRDA:62,3,1,0
BRDA:94,4,0,0
BRDA:90,5,0,0
BRDA:90,5,1,0
BRDA:99,6,0,0
BRDA:99,6,1,0
BRDA:104,7,0,0
BRDA:108,8,0,0
BRDA:108,8,1,0
BRF:15
BRH:0
end_of_record
TN:
SF:src\utils\CPFFactory.ts
FN:3,(anonymous_1)
FN:6,(anonymous_2)
FNF:2
FNH:2
FNDA:17,(anonymous_1)
FNDA:17,(anonymous_2)
DA:1,3
DA:3,3
DA:4,17
DA:6,3
DA:7,17
DA:11,3
DA:12,3
LF:7
LH:7
BRF:0
BRH:0
end_of_record
TN:
SF:src\utils\UsersInformationsFactory.ts
FN:3,(anonymous_1)
FN:7,(anonymous_2)
FN:11,(anonymous_3)
FN:15,(anonymous_4)
FNF:4
FNH:3
FNDA:0,(anonymous_1)
FNDA:9,(anonymous_2)
FNDA:5,(anonymous_3)
FNDA:7,(anonymous_4)
DA:1,3
DA:3,3
DA:4,0
DA:7,3
DA:8,9
DA:11,3
DA:12,5
DA:15,3
DA:16,7
LF:9
LH:8
BRF:0
BRH:0
end_of_record
