TN:
SF:src\config\uploadConfig.ts
FN:18,storage
FN:30,(anonymous_2)
FNF:2
FNH:0
FNDA:0,storage
FNDA:0,(anonymous_2)
DA:1,1
DA:3,1
DA:4,1
DA:16,1
DA:18,1
DA:19,0
DA:21,0
DA:22,0
DA:25,0
DA:31,0
DA:32,0
DA:34,0
LF:12
LH:5
BRDA:21,0,0,0
BRDA:21,0,1,0
BRDA:22,1,0,0
BRDA:22,1,1,0
BRDA:22,2,0,0
BRDA:22,2,1,0
BRDA:22,3,0,0
BRDA:22,3,1,0
BRF:8
BRH:0
end_of_record
TN:
SF:src\environment\environment.ts
FN:4,loadEnviromentsVariables
FNF:1
FNH:1
FNDA:6,loadEnviromentsVariables
DA:1,4
DA:2,4
DA:4,4
DA:6,6
DA:7,5
DA:8,5
DA:11,1
DA:14,4
LF:8
LH:8
BRDA:6,0,0,5
BRDA:6,0,1,1
BRDA:6,1,0,6
BRDA:6,1,1,6
BRF:4
BRH:4
end_of_record
TN:
SF:src\errors\AppError.ts
FN:1,(anonymous_0)
FN:6,AppError
FNF:2
FNH:2
FNDA:5,(anonymous_0)
FNDA:5,AppError
DA:1,5
DA:6,5
DA:7,5
DA:8,5
DA:10,5
DA:12,5
LF:6
LH:6
BRDA:6,0,0,0
BRDA:6,0,1,5
BRF:2
BRH:1
end_of_record
TN:
SF:src\models\Song.ts
FN:14,(anonymous_3)
FN:22,(anonymous_5)
FNF:2
FNH:2
FNDA:14,(anonymous_3)
FNDA:1,(anonymous_5)
DA:1,1
DA:11,1
DA:14,1
DA:16,1
DA:20,1
DA:22,1
DA:24,1
DA:28,1
DA:31,1
DA:34,1
DA:37,1
DA:40,1
DA:43,1
DA:46,1
DA:47,1
DA:49,1
LF:16
LH:16
BRF:0
BRH:0
end_of_record
TN:
SF:src\models\User.ts
FN:10,(anonymous_2)
FNF:1
FNH:1
FNDA:13,(anonymous_2)
DA:1,3
DA:10,3
DA:12,3
DA:15,3
DA:18,3
DA:21,3
DA:24,3
DA:27,3
DA:30,3
DA:33,3
DA:34,3
DA:36,3
LF:12
LH:12
BRF:0
BRH:0
end_of_record
TN:
SF:src\services\AuthorizationService.ts
FN:18,(anonymous_14)
FN:22,AuthorizationService
FN:26,(anonymous_16)
FNF:3
FNH:3
FNDA:1,(anonymous_14)
FNDA:2,AuthorizationService
FNDA:2,(anonymous_16)
DA:2,1
DA:18,1
DA:23,2
DA:26,2
DA:28,2
DA:30,1
DA:37,1
DA:40,1
DA:42,1
LF:9
LH:9
BRF:0
BRH:0
end_of_record
TN:
SF:src\services\ConsultSongService.ts
FN:9,(anonymous_14)
FN:10,(anonymous_16)
FNF:2
FNH:2
FNDA:2,(anonymous_14)
FNDA:2,(anonymous_16)
DA:1,1
DA:2,1
DA:4,1
DA:9,1
DA:10,2
DA:11,2
DA:13,2
DA:15,2
DA:16,1
DA:19,1
DA:21,1
DA:23,1
LF:12
LH:12
BRDA:15,0,0,1
BRDA:15,0,1,1
BRF:2
BRH:2
end_of_record
TN:
SF:src\services\ConsultUserService.ts
FN:11,(anonymous_14)
FN:12,(anonymous_16)
FNF:2
FNH:2
FNDA:2,(anonymous_14)
FNDA:5,(anonymous_16)
DA:1,1
DA:2,1
DA:11,1
DA:12,5
DA:14,5
DA:16,7
DA:17,3
DA:19,2
DA:22,1
DA:24,1
LF:10
LH:10
BRDA:17,0,0,3
BRDA:17,0,1,2
BRDA:17,0,2,2
BRDA:16,1,0,2
BRDA:16,1,1,3
BRF:5
BRH:5
end_of_record
TN:
SF:src\services\CreateSongService.ts
FN:12,(anonymous_14)
FN:13,(anonymous_16)
FNF:2
FNH:2
FNDA:2,(anonymous_14)
FNDA:6,(anonymous_16)
DA:1,1
DA:2,1
DA:12,1
DA:13,1
DA:14,6
DA:15,6
DA:16,6
DA:17,6
DA:18,6
DA:19,6
DA:20,6
DA:23,6
DA:25,6
DA:35,12
DA:37,6
DA:39,1
DA:41,1
LF:17
LH:17
BRF:0
BRH:0
end_of_record
TN:
SF:src\services\CreateUserService.ts
FN:12,(anonymous_14)
FN:13,(anonymous_16)
FNF:2
FNH:2
FNDA:4,(anonymous_14)
FNDA:9,(anonymous_16)
DA:1,2
DA:2,2
DA:12,2
DA:13,9
DA:15,9
DA:17,9
DA:26,2
DA:28,2
LF:8
LH:8
BRF:0
BRH:0
end_of_record
TN:
SF:src\services\DeleteSongService.ts
FN:12,(anonymous_14)
FN:13,(anonymous_16)
FNF:2
FNH:2
FNDA:2,(anonymous_14)
FNDA:3,(anonymous_16)
DA:1,1
DA:2,1
DA:3,1
DA:4,1
DA:5,1
DA:7,1
DA:12,1
DA:13,3
DA:14,3
DA:16,3
DA:18,3
DA:19,1
DA:22,4
DA:24,2
DA:26,2
DA:27,1
DA:30,2
DA:32,1
DA:34,1
LF:19
LH:19
BRDA:18,0,0,1
BRDA:18,0,1,2
BRDA:26,1,0,1
BRDA:26,1,1,1
BRF:4
BRH:4
end_of_record
TN:
SF:src\services\ListSongsService.ts
FN:6,(anonymous_16)
FN:7,(anonymous_18)
FN:14,(anonymous_21)
FNF:3
FNH:3
FNDA:2,(anonymous_16)
FNDA:3,(anonymous_18)
FNDA:3,(anonymous_21)
DA:1,1
DA:2,1
DA:4,1
DA:6,1
DA:7,1
DA:8,3
DA:10,3
DA:14,3
DA:20,3
DA:22,1
DA:24,1
LF:11
LH:11
BRDA:4,0,0,1
BRDA:4,0,1,1
BRF:2
BRH:2
end_of_record
TN:
SF:src\services\LoginUnico.ts
FN:34,(anonymous_16)
FN:38,LoginUnico
FN:42,(anonymous_18)
FNF:3
FNH:1
FNDA:1,(anonymous_16)
FNDA:0,LoginUnico
FNDA:0,(anonymous_18)
DA:5,1
DA:6,1
DA:7,1
DA:8,1
DA:9,1
DA:10,1
DA:25,1
DA:34,1
DA:38,0
DA:39,0
DA:42,1
DA:43,0
DA:50,0
DA:51,0
DA:52,0
DA:53,0
DA:59,0
DA:61,0
DA:63,0
DA:70,0
DA:78,0
DA:79,0
DA:80,0
DA:81,0
DA:85,0
DA:88,0
DA:92,1
LF:27
LH:10
BRDA:73,0,0,0
BRDA:73,0,1,0
BRDA:79,1,0,0
BRDA:79,1,1,0
BRDA:80,2,0,0
BRDA:80,2,1,0
BRDA:83,3,0,0
BRDA:83,3,1,0
BRF:8
BRH:0
end_of_record
TN:
SF:src\services\TokenService.ts
FN:8,(anonymous_14)
FN:10,(anonymous_16)
FN:16,(anonymous_17)
FN:22,(anonymous_18)
FN:33,(anonymous_19)
FN:43,(anonymous_22)
FNF:6
FNH:6
FNDA:4,(anonymous_14)
FNDA:2,(anonymous_16)
FNDA:12,(anonymous_17)
FNDA:3,(anonymous_18)
FNDA:1,(anonymous_19)
FNDA:1,(anonymous_22)
DA:1,2
DA:2,2
DA:4,2
DA:5,2
DA:6,2
DA:8,2
DA:10,2
DA:11,2
DA:16,2
DA:17,12
DA:22,2
DA:23,3
DA:24,3
DA:26,2
DA:27,1
DA:29,1
DA:33,2
DA:35,1
DA:36,1
DA:38,1
DA:40,1
DA:43,2
DA:45,1
DA:46,1
DA:48,2
DA:51,2
DA:53,2
LF:27
LH:27
BRDA:26,0,0,1
BRDA:26,0,1,1
BRF:2
BRH:2
end_of_record
TN:
SF:src\services\UpdateUserService.ts
FN:13,(anonymous_14)
FN:14,(anonymous_16)
FNF:2
FNH:2
FNDA:2,(anonymous_14)
FNDA:1,(anonymous_16)
DA:1,1
DA:3,1
DA:13,1
DA:14,1
DA:16,1
DA:18,2
DA:27,1
DA:29,1
LF:8
LH:8
BRF:0
BRH:0
end_of_record
TN:
SF:src\utils\CPFFactory.ts
FN:3,(anonymous_1)
FN:6,(anonymous_2)
FNF:2
FNH:2
FNDA:22,(anonymous_1)
FNDA:22,(anonymous_2)
DA:1,4
DA:3,4
DA:4,22
DA:6,4
DA:7,22
DA:11,4
DA:12,4
LF:7
LH:7
BRF:0
BRH:0
end_of_record
TN:
SF:src\utils\UsersInformationsFactory.ts
FN:3,(anonymous_1)
FN:7,(anonymous_2)
FN:11,(anonymous_3)
FN:15,(anonymous_4)
FNF:4
FNH:4
FNDA:13,(anonymous_1)
FNDA:23,(anonymous_2)
FNDA:12,(anonymous_3)
FNDA:14,(anonymous_4)
DA:1,4
DA:3,4
DA:4,13
DA:7,4
DA:8,23
DA:11,4
DA:12,12
DA:15,4
DA:16,14
LF:9
LH:9
BRF:0
BRH:0
end_of_record
